<?xml version="1.0" encoding="UTF-8"?>
<!-- Generated by org.testng.reporters.JUnitReportReporter -->
<testsuite hostname="DESKTOP-AVUAPDK" failures="0" tests="5" name="testNGKeywords.TimeOutUseStudy" time="0.152" errors="0" timestamp="2022-07-23T12:14:04 IST" skipped="0">
  <testcase classname="testNGKeywords.TimeOutUseStudy" name="c" time="0.007"/>
  <system-out>
    <![CDATA[c method is running]]>
  </system-out>
  <testcase classname="testNGKeywords.TimeOutUseStudy" name="e" time="0.006"/>
  <system-out>
    <![CDATA[e method running true]]>
  </system-out>
  <testcase classname="testNGKeywords.TimeOutUseStudy" name="d" time="0.015"/>
  <system-out>
    <![CDATA[ d method is running]]>
  </system-out>
  <testcase classname="testNGKeywords.TimeOutUseStudy" name="a" time="0.028"/>
  <system-out>
    <![CDATA[a method is running]]>
  </system-out>
  <testcase classname="testNGKeywords.TimeOutUseStudy" name="b" time="0.096"/>
  <system-out>
    <![CDATA[b method is running]]>
  </system-out>
</testsuite> <!-- testNGKeywords.TimeOutUseStudy -->
