<?xml version="1.0" encoding="UTF-8"?>
<!-- Generated by org.testng.reporters.JUnitReportReporter -->
<testsuite hostname="DESKTOP-AVUAPDK" failures="0" tests="4" name="testNGXMStudy.TestGrouping1" time="0.051" errors="0" timestamp="2022-07-26T16:24:21 IST" skipped="0">
  <testcase classname="testNGXMStudy.TestGrouping1" name="c" time="0.006"/>
  <system-out>
    <![CDATA[c method is running]]>
  </system-out>
  <testcase classname="testNGXMStudy.TestGrouping1" name="d" time="0.005"/>
  <system-out>
    <![CDATA[d method is running]]>
  </system-out>
  <testcase classname="testNGXMStudy.TestGrouping1" name="b" time="0.011"/>
  <system-out>
    <![CDATA[b method is running]]>
  </system-out>
  <testcase classname="testNGXMStudy.TestGrouping1" name="a" time="0.029"/>
  <system-out>
    <![CDATA[a method is runnng]]>
  </system-out>
</testsuite> <!-- testNGXMStudy.TestGrouping1 -->
