<?xml version="1.0" encoding="UTF-8"?>
<!-- Generated by org.testng.reporters.JUnitReportReporter -->
<testsuite hostname="DESKTOP-AVUAPDK" failures="0" tests="1" name="testNGStudy.MyClass" time="0.056" errors="0" timestamp="2022-07-24T20:15:47 IST" skipped="0">
  <testcase classname="testNGStudy.MyClass" name="mymethod" time="0.056"/>
  <system-out>
    <![CDATA[HI this is written in reporter without boolean value 
HI this is written in reporter with boolean value]]>
  </system-out>
</testsuite> <!-- testNGStudy.MyClass -->
