<?xml version="1.0" encoding="UTF-8"?>
<!-- Generated by org.testng.reporters.JUnitReportReporter -->
<testsuite hostname="DESKTOP-AVUAPDK" failures="0" tests="5" name="testNGKeywords.InnovationCountStudy" time="0.115" errors="0" timestamp="2022-07-23T10:58:43 IST" skipped="0">
  <testcase classname="testNGKeywords.InnovationCountStudy" name="mymethod" time="0.002"/>
  <system-out>
    <![CDATA[mymethod running true]]>
  </system-out>
  <testcase classname="testNGKeywords.InnovationCountStudy" name="mymethod" time="0.002"/>
  <system-out>
    <![CDATA[mymethod running true]]>
  </system-out>
  <testcase classname="testNGKeywords.InnovationCountStudy" name="mymethod" time="0.106"/>
  <system-out>
    <![CDATA[mymethod running true]]>
  </system-out>
  <testcase classname="testNGKeywords.InnovationCountStudy" name="mymethod" time="0.003"/>
  <system-out>
    <![CDATA[mymethod running true]]>
  </system-out>
  <testcase classname="testNGKeywords.InnovationCountStudy" name="mymethod" time="0.002"/>
  <system-out>
    <![CDATA[mymethod running true]]>
  </system-out>
</testsuite> <!-- testNGKeywords.InnovationCountStudy -->
