<?xml version="1.0" encoding="UTF-8"?>
<!-- Generated by org.testng.reporters.JUnitReportReporter -->
<testsuite hostname="DESKTOP-AVUAPDK" failures="0" tests="1" name="testNGAnnotations.AnnotationsStudy" time="0.053" errors="0" timestamp="2022-07-30T11:27:01 IST" skipped="0">
  <testcase classname="testNGAnnotations.AnnotationsStudy" name="ValidateUserID" time="0.053"/>
  <system-out>
    <![CDATA[User ID is validated]]>
  </system-out>
</testsuite> <!-- testNGAnnotations.AnnotationsStudy -->
