<?xml version="1.0" encoding="UTF-8"?>
<!-- Generated by org.testng.reporters.JUnitReportReporter -->
<testsuite hostname="DESKTOP-AVUAPDK" failures="0" tests="5" name="testNGKeywords.PriorityStudy" time="0.193" errors="0" timestamp="2022-07-23T11:56:17 IST" skipped="0">
  <testcase classname="testNGKeywords.PriorityStudy" name="e" time="0.010"/>
  <system-out>
    <![CDATA[e method running true]]>
  </system-out>
  <testcase classname="testNGKeywords.PriorityStudy" name="b" time="0.166"/>
  <system-out>
    <![CDATA[b method is running]]>
  </system-out>
  <testcase classname="testNGKeywords.PriorityStudy" name="c" time="0.011"/>
  <system-out>
    <![CDATA[c method is running]]>
  </system-out>
  <testcase classname="testNGKeywords.PriorityStudy" name="a" time="0.003"/>
  <system-out>
    <![CDATA[a method is running]]>
  </system-out>
  <testcase classname="testNGKeywords.PriorityStudy" name="d" time="0.003"/>
  <system-out>
    <![CDATA[ d method is running]]>
  </system-out>
</testsuite> <!-- testNGKeywords.PriorityStudy -->
