<?xml version="1.0" encoding="UTF-8"?>
<!-- Generated by org.testng.reporters.JUnitReportReporter -->
<testsuite hostname="DESKTOP-AVUAPDK" failures="0" tests="4" name="testNGKeywords.TestXML1" time="0.196" errors="0" timestamp="2022-07-27T11:43:32 IST" skipped="0">
  <testcase classname="testNGKeywords.TestXML1" name="f" time="0.003"/>
  <system-out>
    <![CDATA[f method is running]]>
  </system-out>
  <testcase classname="testNGKeywords.TestXML1" name="c" time="0.164"/>
  <system-out>
    <![CDATA[c method is running]]>
  </system-out>
  <testcase classname="testNGKeywords.TestXML1" name="b" time="0.002"/>
  <system-out>
    <![CDATA[b method is running]]>
  </system-out>
  <testcase classname="testNGKeywords.TestXML1" name="a" time="0.027"/>
  <system-out>
    <![CDATA[a method is runnng]]>
  </system-out>
</testsuite> <!-- testNGKeywords.TestXML1 -->
