<?xml version="1.0" encoding="UTF-8"?>
<!-- Generated by org.testng.reporters.JUnitReportReporter -->
<testsuite hostname="DESKTOP-AVUAPDK" failures="0" tests="7" name="testNGKeywords.MultipleKeywords" time="0.078" errors="0" timestamp="2022-07-24T20:06:54 IST" skipped="0">
  <testcase classname="testNGKeywords.MultipleKeywords" name="b" time="0.003"/>
  <system-out>
    <![CDATA[b method is running]]>
  </system-out>
  <testcase classname="testNGKeywords.MultipleKeywords" name="b" time="0.005"/>
  <system-out>
    <![CDATA[b method is running]]>
  </system-out>
  <testcase classname="testNGKeywords.MultipleKeywords" name="b" time="0.003"/>
  <system-out>
    <![CDATA[b method is running]]>
  </system-out>
  <testcase classname="testNGKeywords.MultipleKeywords" name="c" time="0.006"/>
  <system-out>
    <![CDATA[c method is running]]>
  </system-out>
  <testcase classname="testNGKeywords.MultipleKeywords" name="a" time="0.036"/>
  <system-out>
    <![CDATA[a method is running]]>
  </system-out>
  <testcase classname="testNGKeywords.MultipleKeywords" name="d" time="0.017"/>
  <system-out>
    <![CDATA[ d method is running]]>
  </system-out>
  <testcase classname="testNGKeywords.MultipleKeywords" name="e" time="0.008"/>
  <system-out>
    <![CDATA[e method running true]]>
  </system-out>
</testsuite> <!-- testNGKeywords.MultipleKeywords -->
