<?xml version="1.0" encoding="UTF-8"?>
<!-- Generated by org.testng.reporters.JUnitReportReporter -->
<testsuite hostname="DESKTOP-AVUAPDK" failures="0" tests="3" name="testNGXMStudy.TestXML1" time="0.148" errors="0" timestamp="2022-07-30T09:55:46 IST" skipped="0">
  <testcase classname="testNGXMStudy.TestXML1" name="c" time="0.005"/>
  <system-out>
    <![CDATA[c method is running]]>
  </system-out>
  <testcase classname="testNGXMStudy.TestXML1" name="b" time="0.021"/>
  <system-out>
    <![CDATA[b method is running]]>
  </system-out>
  <testcase classname="testNGXMStudy.TestXML1" name="a" time="0.122"/>
  <system-out>
    <![CDATA[a method is runnng]]>
  </system-out>
</testsuite> <!-- testNGXMStudy.TestXML1 -->
