<?xml version="1.0" encoding="UTF-8"?>
<!-- Generated by org.testng.reporters.JUnitReportReporter -->
<testsuite hostname="DESKTOP-AVUAPDK" failures="0" tests="2" name="testNGXMStudy.TestXML2" time="0.006" errors="0" timestamp="2022-07-26T15:46:13 IST" skipped="0">
  <testcase classname="testNGXMStudy.TestXML2" name="e" time="0.002"/>
  <system-out>
    <![CDATA[e method is running]]>
  </system-out>
  <testcase classname="testNGXMStudy.TestXML2" name="f" time="0.004"/>
  <system-out>
    <![CDATA[f method is running]]>
  </system-out>
</testsuite> <!-- testNGXMStudy.TestXML2 -->
