<?xml version="1.0" encoding="UTF-8"?>
<!-- Generated by org.testng.reporters.JUnitReportReporter -->
<testsuite hostname="DESKTOP-AVUAPDK" failures="0" tests="4" name="testNGXMStudy.TestGrouping2" time="0.091" errors="0" timestamp="2022-07-26T16:04:56 IST" skipped="0">
  <testcase classname="testNGXMStudy.TestGrouping2" name="g" time="0.003"/>
  <system-out>
    <![CDATA[b method is running]]>
  </system-out>
  <testcase classname="testNGXMStudy.TestGrouping2" name="i" time="0.003"/>
  <system-out>
    <![CDATA[i method is running]]>
  </system-out>
  <testcase classname="testNGXMStudy.TestGrouping2" name="f" time="0.079"/>
  <system-out>
    <![CDATA[a method is runnng]]>
  </system-out>
  <testcase classname="testNGXMStudy.TestGrouping2" name="h" time="0.006"/>
  <system-out>
    <![CDATA[c method is running]]>
  </system-out>
</testsuite> <!-- testNGXMStudy.TestGrouping2 -->
